<?xml version="1.0" encoding="UTF-8"?>
<!-- Generated by org.testng.reporters.JUnitXMLReporter -->
<testsuite hostname="DESKTOP-0OPINP0" ignored="0" name="Surefire test" tests="1" failures="0" timestamp="2022-04-05T23:36:18 EET" time="7.331" errors="0">
  <testcase name="@BeforeTest setBrowserType" time="6.374" classname="org.example.TestBase">
    <failure type="java.lang.NullPointerException">
      <![CDATA[java.lang.NullPointerException
at java.util.Properties$LineReader.readLine(Properties.java:434)
at java.util.Properties.load0(Properties.java:353)
at java.util.Properties.load(Properties.java:341)
at org.example.readers.PropertiesReader.getPropertyUsingKey(PropertiesReader.java:20)
at org.example.ConfigUtil.loadTestConfigurations(ConfigUtil.java:13)
at org.example.TestBase.launchBrowser(TestBase.java:41)
at org.example.TestBase.setBrowserType(TestBase.java:29)
... Removed 29 stack frames]]>
    </failure>
  </testcase> <!-- @BeforeTest setBrowserType -->
  <testcase name="@BeforeClass loadLoginData" time="-1.649194577514E9" classname="org.example.tests.LoginTestWithDataDriven">
    <skipped/>
  </testcase> <!-- @BeforeClass loadLoginData -->
  <testcase name="@AfterMethod takeScreenShot" time="-1.649194577578E9" classname="org.example.tests.LoginTestWithDataDriven">
    <skipped/>
  </testcase> <!-- @AfterMethod takeScreenShot -->
  <testcase name="@AfterTest quitDriver" time="-1.649194577588E9" classname="org.example.TestBase">
    <skipped/>
  </testcase> <!-- @AfterTest quitDriver -->
  <testcase name="login" time="0.0" classname="org.example.tests.LoginTestWithDataDriven">
    <skipped/>
  </testcase> <!-- login -->
</testsuite> <!-- Surefire test -->
