<?xml version="1.0" encoding="UTF-8"?>
<testsuite xmlns:xsi="http://www.w3.org/2001/XMLSchema-instance" xsi:noNamespaceSchemaLocation="https://maven.apache.org/surefire/maven-surefire-plugin/xsd/surefire-test-report.xsd" name="org.example.tests.LoginTestWithDataDriven" time="9.936" tests="5" errors="0" skipped="4" failures="1">
  <properties>
[...]
</properties>
  <testcase name="setBrowserType" classname="org.example.tests.LoginTestWithDataDriven" time="8.336">
    <failure type="java.lang.NullPointerException">java.lang.NullPointerException
</failure>
    <system-err><![CDATA[??? 05, 2022 11:36:10 ? com.aventstack.extentreports.config.external.XmlConfigLoader createStream
SEVERE: src\test\resources\extent-config.xml
java.io.FileNotFoundException: src\test\resources\extent-config.xml (The system cannot find the file specified)
	at java.io.FileInputStream.open0(Native Method)
	at java.io.FileInputStream.open(FileInputStream.java:195)
	at java.io.FileInputStream.<init>(FileInputStream.java:138)
	at com.aventstack.extentreports.config.external.XmlConfigLoader.createStream(XmlConfigLoader.java:39)
	at com.aventstack.extentreports.config.external.XmlConfigLoader.<init>(XmlConfigLoader.java:33)
	at com.aventstack.extentreports.reporter.ExtentSparkReporter.loadXMLConfig(ExtentSparkReporter.java:94)
	at com.aventstack.extentreports.reporter.ExtentSparkReporter.loadXMLConfig(ExtentSparkReporter.java:101)
	at com.aventstack.extentreports.service.ExtentService$ExtentReportsLoader.attach(ExtentService.java:108)
	at com.aventstack.extentreports.service.ExtentService$ExtentReportsLoader.initSpark(ExtentService.java:99)
	at com.aventstack.extentreports.service.ExtentService$ExtentReportsLoader.createViaProperties(ExtentService.java:74)
	at com.aventstack.extentreports.service.ExtentService$ExtentReportsLoader.<clinit>(ExtentService.java:56)
	at com.aventstack.extentreports.service.ExtentService.getInstance(ExtentService.java:23)
	at com.aventstack.extentreports.testng.listener.ExtentITestListenerClassAdapter.onStart(ExtentITestListenerClassAdapter.java:15)
	at org.testng.TestRunner.fireEvent(TestRunner.java:893)
	at org.testng.TestRunner.beforeRun(TestRunner.java:605)
	at org.testng.TestRunner.run(TestRunner.java:580)
	at org.testng.SuiteRunner.runTest(SuiteRunner.java:384)
	at org.testng.SuiteRunner.runSequentially(SuiteRunner.java:378)
	at org.testng.SuiteRunner.privateRun(SuiteRunner.java:337)
	at org.testng.SuiteRunner.run(SuiteRunner.java:286)
	at org.testng.SuiteRunnerWorker.runSuite(SuiteRunnerWorker.java:53)
	at org.testng.SuiteRunnerWorker.run(SuiteRunnerWorker.java:96)
	at org.testng.TestNG.runSuitesSequentially(TestNG.java:1187)
	at org.testng.TestNG.runSuitesLocally(TestNG.java:1109)
	at org.testng.TestNG.runSuites(TestNG.java:1039)
	at org.testng.TestNG.run(TestNG.java:1007)
	at org.apache.maven.surefire.testng.TestNGExecutor.run(TestNGExecutor.java:135)
	at org.apache.maven.surefire.testng.TestNGDirectoryTestSuite.executeSingleClass(TestNGDirectoryTestSuite.java:112)
	at org.apache.maven.surefire.testng.TestNGDirectoryTestSuite.execute(TestNGDirectoryTestSuite.java:99)
	at org.apache.maven.surefire.testng.TestNGProvider.invoke(TestNGProvider.java:146)
	at org.apache.maven.surefire.booter.ForkedBooter.invokeProviderInSameClassLoader(ForkedBooter.java:384)
	at org.apache.maven.surefire.booter.ForkedBooter.runSuitesInProcess(ForkedBooter.java:345)
	at org.apache.maven.surefire.booter.ForkedBooter.execute(ForkedBooter.java:126)
	at org.apache.maven.surefire.booter.ForkedBooter.main(ForkedBooter.java:418)

java.lang.IllegalArgumentException: InputStream cannot be null
	at javax.xml.parsers.DocumentBuilder.parse(DocumentBuilder.java:117)
	at com.aventstack.extentreports.config.external.XmlConfigLoader.getConfigStore(XmlConfigLoader.java:61)
	at com.aventstack.extentreports.config.external.XmlConfigLoader.apply(XmlConfigLoader.java:46)
	at com.aventstack.extentreports.reporter.ExtentSparkReporter.loadXMLConfig(ExtentSparkReporter.java:96)
	at com.aventstack.extentreports.reporter.ExtentSparkReporter.loadXMLConfig(ExtentSparkReporter.java:101)
	at com.aventstack.extentreports.service.ExtentService$ExtentReportsLoader.attach(ExtentService.java:108)
	at com.aventstack.extentreports.service.ExtentService$ExtentReportsLoader.initSpark(ExtentService.java:99)
	at com.aventstack.extentreports.service.ExtentService$ExtentReportsLoader.createViaProperties(ExtentService.java:74)
	at com.aventstack.extentreports.service.ExtentService$ExtentReportsLoader.<clinit>(ExtentService.java:56)
	at com.aventstack.extentreports.service.ExtentService.getInstance(ExtentService.java:23)
	at com.aventstack.extentreports.testng.listener.ExtentITestListenerClassAdapter.onStart(ExtentITestListenerClassAdapter.java:15)
	at org.testng.TestRunner.fireEvent(TestRunner.java:893)
	at org.testng.TestRunner.beforeRun(TestRunner.java:605)
	at org.testng.TestRunner.run(TestRunner.java:580)
	at org.testng.SuiteRunner.runTest(SuiteRunner.java:384)
	at org.testng.SuiteRunner.runSequentially(SuiteRunner.java:378)
	at org.testng.SuiteRunner.privateRun(SuiteRunner.java:337)
	at org.testng.SuiteRunner.run(SuiteRunner.java:286)
	at org.testng.SuiteRunnerWorker.runSuite(SuiteRunnerWorker.java:53)
	at org.testng.SuiteRunnerWorker.run(SuiteRunnerWorker.java:96)
	at org.testng.TestNG.runSuitesSequentially(TestNG.java:1187)
	at org.testng.TestNG.runSuitesLocally(TestNG.java:1109)
	at org.testng.TestNG.runSuites(TestNG.java:1039)
	at org.testng.TestNG.run(TestNG.java:1007)
	at org.apache.maven.surefire.testng.TestNGExecutor.run(TestNGExecutor.java:135)
	at org.apache.maven.surefire.testng.TestNGDirectoryTestSuite.executeSingleClass(TestNGDirectoryTestSuite.java:112)
	at org.apache.maven.surefire.testng.TestNGDirectoryTestSuite.execute(TestNGDirectoryTestSuite.java:99)
	at org.apache.maven.surefire.testng.TestNGProvider.invoke(TestNGProvider.java:146)
	at org.apache.maven.surefire.booter.ForkedBooter.invokeProviderInSameClassLoader(ForkedBooter.java:384)
	at org.apache.maven.surefire.booter.ForkedBooter.runSuitesInProcess(ForkedBooter.java:345)
	at org.apache.maven.surefire.booter.ForkedBooter.execute(ForkedBooter.java:126)
	at org.apache.maven.surefire.booter.ForkedBooter.main(ForkedBooter.java:418)
SLF4J: Failed to load class "org.slf4j.impl.StaticLoggerBinder".
SLF4J: Defaulting to no-operation (NOP) logger implementation
SLF4J: See http://www.slf4j.org/codes.html#StaticLoggerBinder for further details.
Starting ChromeDriver 99.0.4844.51 (d537ec02474b5afe23684e7963d538896c63ac77-refs/branch-heads/4844@{#875}) on port 55944
Only local connections are allowed.
Please see https://chromedriver.chromium.org/security-considerations for suggestions on keeping ChromeDriver safe.
ChromeDriver was started successfully.
??? 05, 2022 11:36:16 ? org.openqa.selenium.remote.ProtocolHandshake createSession
INFO: Detected dialect: W3C
??? 05, 2022 11:36:17 ? org.openqa.selenium.devtools.CdpVersionFinder findNearestMatch
WARNING: Unable to find an exact match for CDP version 99, so returning the closest version found: 95
??? 05, 2022 11:36:17 ? org.openqa.selenium.devtools.CdpVersionFinder findNearestMatch
INFO: Found CDP implementation for version 99 of 95
]]></system-err>
  </testcase>
  <testcase name="loadLoginData" classname="org.example.tests.LoginTestWithDataDriven" time="0">
    <skipped/>
  </testcase>
  <testcase name="login" classname="org.example.tests.LoginTestWithDataDriven" time="0">
    <skipped/>
  </testcase>
  <testcase name="takeScreenShot" classname="org.example.tests.LoginTestWithDataDriven" time="0">
    <skipped/>
  </testcase>
  <testcase name="quitDriver" classname="org.example.tests.LoginTestWithDataDriven" time="0">
    <skipped/>
  </testcase>
</testsuite>